🏪 Trade & Economic Exchange Framework initialized!
[GeoLayer] map.png: 1920x1080
[GeoLayer] landmask.png: 1920x1080
[GeoLayer] heightmap.png: 1920x1080
[GeoLayer] resource.png: 1920x1080
[GeoLayer] spawn.png: 1920x1080
[Landmask] Warning: encountered 1019313 sampled pixels outside accepted land/water colors; accepted land is RGB(250..255,250..255,250..255), water is RGB(0,0,0). Out-of-range colors are treated as water.
[Landmask] Warning: RGB(1, 1, 1) sampled 765432 times.
[Landmask] Warning: RGB(2, 2, 2) sampled 69458 times.
[Landmask] Warning: RGB(3, 3, 3) sampled 21417 times.
[Landmask] Warning: RGB(4, 4, 4) sampled 10606 times.
[Landmask] Warning: RGB(5, 5, 5) sampled 5745 times.
[Landmask] Warning: RGB(6, 6, 6) sampled 3442 times.
[Landmask] Warning: RGB(7, 7, 7) sampled 2456 times.
[Landmask] Warning: RGB(8, 8, 8) sampled 2024 times.
[Landmask] Warning: ... 241 additional non-binary RGB values omitted.
🚀 INITIALIZING RESOURCES (Optimized)...
✅ RESOURCES INITIALIZED in 2219 ms
   Resource ingestion: coal=18269, copper=29020, tin=13953, clay=22000, riverland-cells=22000
COMMAND:
C:\WS\WorldSimulation10028\out\cmake\release\bin\worldsim_cli.exe --seed 344215447 --config C:\WS\WorldSimulation10028\data\sim_config.toml --startYear -5000 --endYear 2025 --checkpointEveryYears 50 --outDir C:\WS\WorldSimulation10028\out\seed_max_tech_web\seed_344215447 --techUnlockLog C:\WS\WorldSimulation10028\out\seed_max_tech_web\seed_344215447\tech_unlocks.csv --techUnlockLogIncludeInitial 1 --useGPU 0

