[2026-02-20 11:26:12] tick=1 sid=1771615570_126925900084928 chosen=<new run> selected=None runs=0 running=-
[2026-02-20 11:26:15] no_active_run tick=1 sid=1771615570_126925900084928 selector=<new run>
[2026-02-20 11:26:15] tick=2 sid=1771615570_126925900084928 chosen=<new run> selected=None runs=0 running=-
[2026-02-20 11:26:15] no_active_run tick=2 sid=1771615570_126925900084928 selector=<new run>
[2026-02-20 11:26:15] tick=3 sid=1771615570_126925900084928 chosen=<new run> selected=None runs=0 running=-
[2026-02-20 11:26:15] start_click tick=3 sid=1771615570_126925900084928 selector=<new run> selected=None
[2026-02-20 11:26:15] run_created tick=3 sid=1771615570_126925900084928 run_id=20260220_112615_75344 runs_requested=1 workers=1
[2026-02-20 11:26:15] tick=4 sid=1771615570_126925900084928 chosen=<new run> selected=20260220_112615_75344 runs=1 running=20260220_112615_75344
[2026-02-20 11:26:16] tick=5 sid=1771615570_126925900084928 chosen=<new run> selected=20260220_112615_75344 runs=1 running=20260220_112615_75344
[2026-02-20 11:26:17] tick=6 sid=1771615570_126925900084928 chosen=<new run> selected=20260220_112615_75344 runs=1 running=20260220_112615_75344
[2026-02-20 11:26:18] tick=7 sid=1771615570_126925900084928 chosen=<new run> selected=20260220_112615_75344 runs=1 running=20260220_112615_75344
[2026-02-20 11:26:18] tick=8 sid=1771615570_126925900084928 chosen=<new run> selected=20260220_112615_75344 runs=1 running=-
[2026-02-20 11:28:07] tick=1 sid=1771615687_17992 chosen=<new run> selected=None runs=0 running=-
[2026-02-20 11:28:07] no_active_run tick=1 sid=1771615687_17992 selector=<new run>
[2026-02-20 11:28:11] tick=2 sid=1771615687_17992 chosen=<new run> selected=None runs=0 running=-
[2026-02-20 11:28:11] start_click tick=2 sid=1771615687_17992 selector=<new run> selected=None
[2026-02-20 11:28:11] run_created tick=2 sid=1771615687_17992 run_id=20260220_112811_91044 runs_requested=1 workers=16
[2026-02-20 11:28:11] tick=3 sid=1771615687_17992 chosen=<new run> selected=20260220_112811_91044 runs=1 running=20260220_112811_91044
[2026-02-20 11:28:12] tick=4 sid=1771615687_17992 chosen=<new run> selected=20260220_112811_91044 runs=1 running=20260220_112811_91044
[2026-02-20 11:28:13] tick=5 sid=1771615687_17992 chosen=<new run> selected=20260220_112811_91044 runs=1 running=20260220_112811_91044
[2026-02-20 11:28:14] tick=6 sid=1771615687_17992 chosen=<new run> selected=20260220_112811_91044 runs=1 running=20260220_112811_91044
[2026-02-20 11:28:15] tick=7 sid=1771615687_17992 chosen=<new run> selected=20260220_112811_91044 runs=1 running=20260220_112811_91044
[2026-02-20 11:28:16] tick=8 sid=1771615687_17992 chosen=<new run> selected=20260220_112811_91044 runs=1 running=20260220_112811_91044
[2026-02-20 11:28:17] tick=9 sid=1771615687_17992 chosen=<new run> selected=20260220_112811_91044 runs=1 running=20260220_112811_91044
[2026-02-20 11:28:18] tick=10 sid=1771615687_17992 chosen=<new run> selected=20260220_112811_91044 runs=1 running=20260220_112811_91044
[2026-02-20 11:28:19] tick=11 sid=1771615687_17992 chosen=<new run> selected=20260220_112811_91044 runs=1 running=20260220_112811_91044
[2026-02-20 11:28:20] tick=12 sid=1771615687_17992 chosen=<new run> selected=20260220_112811_91044 runs=1 running=20260220_112811_91044
[2026-02-20 11:28:21] tick=13 sid=1771615687_17992 chosen=<new run> selected=20260220_112811_91044 runs=1 running=20260220_112811_91044
[2026-02-20 11:28:22] tick=14 sid=1771615687_17992 chosen=<new run> selected=20260220_112811_91044 runs=1 running=20260220_112811_91044
[2026-02-20 11:28:23] tick=15 sid=1771615687_17992 chosen=<new run> selected=20260220_112811_91044 runs=1 running=20260220_112811_91044
[2026-02-20 11:28:24] tick=16 sid=1771615687_17992 chosen=<new run> selected=20260220_112811_91044 runs=1 running=20260220_112811_91044
[2026-02-20 11:28:25] tick=17 sid=1771615687_17992 chosen=<new run> selected=20260220_112811_91044 runs=1 running=20260220_112811_91044
[2026-02-20 11:28:26] tick=18 sid=1771615687_17992 chosen=<new run> selected=20260220_112811_91044 runs=1 running=20260220_112811_91044
[2026-02-20 11:28:27] tick=19 sid=1771615687_17992 chosen=<new run> selected=20260220_112811_91044 runs=1 running=20260220_112811_91044
[2026-02-20 11:28:28] tick=20 sid=1771615687_17992 chosen=<new run> selected=20260220_112811_91044 runs=1 running=20260220_112811_91044
[2026-02-20 11:28:29] tick=21 sid=1771615687_17992 chosen=<new run> selected=20260220_112811_91044 runs=1 running=20260220_112811_91044
[2026-02-20 11:28:31] tick=22 sid=1771615687_17992 chosen=<new run> selected=20260220_112811_91044 runs=1 running=20260220_112811_91044
[2026-02-20 11:28:32] tick=23 sid=1771615687_17992 chosen=<new run> selected=20260220_112811_91044 runs=1 running=20260220_112811_91044
[2026-02-20 11:28:33] tick=24 sid=1771615687_17992 chosen=<new run> selected=20260220_112811_91044 runs=1 running=20260220_112811_91044
[2026-02-20 11:28:34] tick=25 sid=1771615687_17992 chosen=<new run> selected=20260220_112811_91044 runs=1 running=20260220_112811_91044
[2026-02-20 11:28:34] tick=26 sid=1771615687_17992 chosen=<new run> selected=20260220_112811_91044 runs=1 running=20260220_112811_91044
[2026-02-20 11:28:34] stop_click tick=26 sid=1771615687_17992 target=20260220_112811_91044
[2026-02-20 11:28:35] tick=27 sid=1771615687_17992 chosen=<new run> selected=20260220_112811_91044 runs=1 running=20260220_112811_91044
