🏪 Trade & Economic Exchange Framework initialized!
[GeoLayer] map.png: 1920x1080
[GeoLayer] landmask.png: 1920x1080
[GeoLayer] heightmap.png: 1920x1080
[GeoLayer] resource.png: 1920x1080
[GeoLayer] spawn.png: 1920x1080
[Landmask] Warning: encountered 1019313 sampled pixels outside accepted land/water colors; accepted land is RGB(250..255,250..255,250..255), water is RGB(0,0,0). Out-of-range colors are treated as water.
[Landmask] Warning: RGB(1, 1, 1) sampled 765432 times.
[Landmask] Warning: RGB(2, 2, 2) sampled 69458 times.
[Landmask] Warning: RGB(3, 3, 3) sampled 21417 times.
[Landmask] Warning: RGB(4, 4, 4) sampled 10606 times.
[Landmask] Warning: RGB(5, 5, 5) sampled 5745 times.
[Landmask] Warning: RGB(6, 6, 6) sampled 3442 times.
[Landmask] Warning: RGB(7, 7, 7) sampled 2456 times.
[Landmask] Warning: RGB(8, 8, 8) sampled 2024 times.
[Landmask] Warning: ... 241 additional non-binary RGB values omitted.
🚀 INITIALIZING RESOURCES (Optimized)...
✅ RESOURCES INITIALIZED in 2441 ms
   Resource ingestion: coal=18269, copper=29020, tin=13953, clay=22000, riverland-cells=22000
[SpawnInit] worldPopTarget=28115846 startYear=-5000
[StartTech] Applied regional presets at startYear=-5000 countries=100
  - south_asia: countries=14 techIds=1,2,3,4,6,20,115
  - east_asia: countries=14 techIds=1,2,3,4,6,20,115
  - west_asia: countries=11 techIds=1,2,3,4,6,10,20,115,119
  - se_asia: countries=6 techIds=1,2,3,5,6,20
  - cn_asia: countries=3 techIds=2,3,4,6
  - nile_ne_africa: countries=2 techIds=1,2,3,6,10,20,115
  - north_africa: countries=1 techIds=1,2,3,4,6,20,115
  - west_africa: countries=2 techIds=1,3,4,6,20
  - east_africa: countries=2 techIds=1,3,4,6,20
  - cs_africa: countries=1 techIds=1,3,4,6
  - se_europe: countries=2 techIds=1,2,3,4,6,20,115,119
  - med_europe: countries=2 techIds=1,2,3,4,5,6,20,115
  - central_europe: countries=2 techIds=1,2,3,4,6,20
  - wnw_europe: countries=2 techIds=1,3,4,6,20
  - north_europe: countries=1 techIds=3,4,6
  - mesoamerica: countries=10 techIds=1,3,6,20
  - andes: countries=7 techIds=1,3,4,6,20
  - e_na: countries=7 techIds=3,4,6
  - w_na: countries=8 techIds=3,4,6
  - caribbean: countries=1 techIds=3,5,6
  - oceania: countries=2 techIds=3,5,6
[SpawnInit] Region summary
  - south_asia targetShare=0.145 actualShare=0.145 targetPop=4076798 actualPop=4076798 countriesPlaced=14
  - east_asia targetShare=0.145 actualShare=0.145 targetPop=4076798 actualPop=4076798 countriesPlaced=14
  - west_asia targetShare=0.11 actualShare=0.114168 targetPop=3092743 actualPop=3209937 countriesPlaced=11
  - se_asia targetShare=0.06 actualShare=0.06 targetPop=1686951 actualPop=1686951 countriesPlaced=6
  - cn_asia targetShare=0.033 actualShare=0.0320104 targetPop=927823 actualPop=900000 countriesPlaced=3
  - nile_ne_africa targetShare=0.02 actualShare=0.02 targetPop=562317 actualPop=562317 countriesPlaced=2
  - north_africa targetShare=0.013 actualShare=0.0106701 targetPop=365506 actualPop=300000 countriesPlaced=1
  - west_africa targetShare=0.016 actualShare=0.016 targetPop=449853 actualPop=449853 countriesPlaced=2
  - east_africa targetShare=0.017 actualShare=0.017 targetPop=477969 actualPop=477969 countriesPlaced=2
  - cs_africa targetShare=0.01 actualShare=0.00999998 targetPop=281158 actualPop=281158 countriesPlaced=1
  - se_europe targetShare=0.02 actualShare=0.02 targetPop=562317 actualPop=562317 countriesPlaced=2
  - med_europe targetShare=0.018 actualShare=0.018 targetPop=506085 actualPop=506085 countriesPlaced=2
  - central_europe targetShare=0.02 actualShare=0.02 targetPop=562317 actualPop=562317 countriesPlaced=2
  - wnw_europe targetShare=0.018 actualShare=0.018 targetPop=506085 actualPop=506085 countriesPlaced=2
  - north_europe targetShare=0.008 actualShare=0.00800001 targetPop=224927 actualPop=224927 countriesPlaced=1
  - mesoamerica targetShare=0.1 actualShare=0.1 targetPop=2811585 actualPop=2811585 countriesPlaced=10
  - andes targetShare=0.065 actualShare=0.0664811 targetPop=1827530 actualPop=1869171 countriesPlaced=7
  - e_na targetShare=0.07 actualShare=0.07 targetPop=1968109 actualPop=1968109 countriesPlaced=7
  - w_na targetShare=0.078 actualShare=0.078 targetPop=2193036 actualPop=2193036 countriesPlaced=8
  - caribbean targetShare=0.013 actualShare=0.0106701 targetPop=365506 actualPop=300000 countriesPlaced=1
  - oceania targetShare=0.021 actualShare=0.021 targetPop=590433 actualPop=590433 countriesPlaced=2
worldsim_cli seed=344595266 config=C:\WS\WorldSimulation10028\data\sim_config.toml hash=8097c0c2326f500d start=-5000 end=2025 gpu=0 ideologyLogs=0
[PaleoClimate] enabled=1 loaded=1 source=synthetic samples=962 file='data/climate/paleo_monthly_forcing.csv'
[ResearchGPU] requested=1 available=1 climate=1 disease=1 adoptJoin=1 edge=1
COMMAND:
C:\WS\WorldSimulation10028\out\cmake\release\bin\worldsim_cli.exe --seed 344595266 --config C:\WS\WorldSimulation10028\data\sim_config.toml --startYear -5000 --endYear 2025 --checkpointEveryYears 50 --outDir C:\WS\WorldSimulation10028\out\seed_max_tech_web\seed_344595266 --techUnlockLog C:\WS\WorldSimulation10028\out\seed_max_tech_web\seed_344595266\tech_unlocks.csv --techUnlockLogIncludeInitial 1 --useGPU 0

